TN:
SF:src\server.ts
FN:9,connectDB
FNF:1
FNH:1
FNDA:1,connectDB
DA:1,1
DA:2,1
DA:3,1
DA:4,1
DA:5,1
DA:6,1
DA:10,1
DA:11,1
DA:12,1
DA:13,1
DA:15,0
DA:19,1
DA:22,1
DA:24,1
DA:26,1
DA:29,1
DA:30,1
DA:37,1
LF:18
LH:17
BRF:0
BRH:0
end_of_record
TN:
SF:src\config\db.ts
FNF:0
FNH:0
DA:1,1
DA:2,1
DA:5,1
DA:8,1
LF:4
LH:4
BRF:0
BRH:0
end_of_record
TN:
SF:src\config\limiter.ts
FNF:0
FNH:0
DA:1,1
DA:4,1
LF:2
LH:2
BRDA:6,0,0,0
BRDA:6,0,1,1
BRF:2
BRH:1
end_of_record
TN:
SF:src\config\nodemailer.ts
FN:8,(anonymous_1)
FNF:1
FNH:1
FNDA:2,(anonymous_1)
DA:1,2
DA:2,2
DA:5,2
DA:8,2
DA:9,2
DA:20,2
LF:6
LH:6
BRF:0
BRH:0
end_of_record
TN:
SF:src\controllers\AuthController.ts
FN:10,(anonymous_1)
FN:45,(anonymous_2)
FN:60,(anonymous_3)
FN:88,(anonymous_4)
FN:110,(anonymous_5)
FN:123,(anonymous_6)
FN:141,(anonymous_7)
FN:146,(anonymous_8)
FN:171,(anonymous_9)
FN:192,(anonymous_10)
FNF:10
FNH:3
FNDA:5,(anonymous_1)
FNDA:2,(anonymous_2)
FNDA:14,(anonymous_3)
FNDA:0,(anonymous_4)
FNDA:0,(anonymous_5)
FNDA:0,(anonymous_6)
FNDA:0,(anonymous_7)
FNDA:0,(anonymous_8)
FNDA:0,(anonymous_9)
FNDA:0,(anonymous_10)
DA:2,2
DA:3,2
DA:4,2
DA:5,2
DA:6,2
DA:9,2
DA:10,2
DA:11,5
DA:13,5
DA:14,5
DA:15,3
DA:16,3
DA:17,3
DA:20,2
DA:21,2
DA:22,2
DA:23,2
DA:25,2
DA:26,2
DA:29,2
DA:30,2
DA:32,2
DA:38,2
DA:40,0
DA:45,2
DA:46,2
DA:47,2
DA:48,2
DA:49,1
DA:50,1
DA:51,1
DA:53,1
DA:54,1
DA:55,1
DA:56,1
DA:60,2
DA:61,14
DA:63,14
DA:64,14
DA:65,2
DA:66,2
DA:67,2
DA:70,12
DA:71,3
DA:72,3
DA:73,3
DA:76,9
DA:77,9
DA:78,2
DA:79,2
DA:80,2
DA:83,7
DA:84,7
DA:88,2
DA:89,0
DA:91,0
DA:92,0
DA:93,0
DA:94,0
DA:95,0
DA:97,0
DA:98,0
DA:100,0
DA:106,0
DA:110,2
DA:111,0
DA:113,0
DA:114,0
DA:115,0
DA:116,0
DA:117,0
DA:119,0
DA:123,2
DA:124,0
DA:125,0
DA:127,0
DA:128,0
DA:129,0
DA:130,0
DA:131,0
DA:134,0
DA:135,0
DA:136,0
DA:138,0
DA:141,2
DA:142,0
DA:146,2
DA:147,0
DA:148,0
DA:150,0
DA:151,0
DA:152,0
DA:153,0
DA:154,0
DA:157,0
DA:158,0
DA:159,0
DA:160,0
DA:161,0
DA:164,0
DA:165,0
DA:167,0
DA:171,2
DA:172,0
DA:173,0
DA:175,0
DA:176,0
DA:177,0
DA:178,0
DA:179,0
DA:182,0
DA:183,0
DA:184,0
DA:185,0
DA:186,0
DA:188,0
DA:192,2
DA:194,0
DA:196,0
DA:197,0
DA:198,0
DA:199,0
DA:200,0
DA:201,0
DA:203,0
DA:206,0
DA:208,0
LF:127
LH:59
BRDA:14,0,0,3
BRDA:25,1,0,2
BRDA:48,2,0,1
BRDA:64,3,0,2
BRDA:70,4,0,3
BRDA:77,5,0,2
BRDA:92,6,0,0
BRDA:114,7,0,0
BRDA:128,8,0,0
BRDA:151,9,0,0
BRDA:158,10,0,0
BRDA:176,11,0,0
BRDA:183,12,0,0
BRDA:198,13,0,0
BRF:14
BRH:6
end_of_record
TN:
SF:src\controllers\BudgetController.ts
FN:7,(anonymous_1)
FN:24,(anonymous_2)
FN:36,(anonymous_3)
FN:44,(anonymous_4)
FN:50,(anonymous_5)
FNF:5
FNH:5
FNDA:5,(anonymous_1)
FNDA:3,(anonymous_2)
FNDA:4,(anonymous_3)
FNDA:2,(anonymous_4)
FNDA:2,(anonymous_5)
DA:2,2
DA:3,2
DA:6,2
DA:7,2
DA:8,5
DA:9,5
DA:17,4
DA:19,1
DA:24,2
DA:25,3
DA:26,3
DA:27,2
DA:28,2
DA:29,2
DA:31,1
DA:36,2
DA:37,4
DA:40,4
DA:44,2
DA:45,2
DA:46,2
DA:50,2
DA:51,2
DA:52,2
LF:24
LH:24
BRF:0
BRH:0
end_of_record
TN:
SF:src\controllers\ExpenseController.ts
FN:7,(anonymous_1)
FN:18,(anonymous_2)
FN:22,(anonymous_3)
FN:27,(anonymous_4)
FNF:4
FNH:4
FNDA:2,(anonymous_1)
FNDA:1,(anonymous_2)
FNDA:1,(anonymous_3)
FNDA:1,(anonymous_4)
DA:2,2
DA:6,2
DA:7,2
DA:8,2
DA:9,2
DA:10,1
DA:11,1
DA:12,1
DA:14,1
DA:18,2
DA:19,1
DA:22,2
DA:23,1
DA:24,1
DA:27,2
DA:28,1
DA:29,1
LF:17
LH:17
BRF:0
BRH:0
end_of_record
TN:
SF:src\emails\AuthEmail.ts
FN:10,(anonymous_0)
FN:25,(anonymous_1)
FNF:2
FNH:1
FNDA:1,(anonymous_0)
FNDA:0,(anonymous_1)
DA:1,2
DA:9,2
DA:10,2
DA:11,1
DA:25,2
DA:26,0
LF:6
LH:5
BRF:0
BRH:0
end_of_record
TN:
SF:src\middleware\auth.ts
FN:15,(anonymous_1)
FNF:1
FNH:1
FNDA:16,(anonymous_1)
DA:2,1
DA:3,1
DA:15,1
DA:17,16
DA:18,16
DA:19,5
DA:20,5
DA:21,5
DA:24,11
DA:25,11
DA:26,0
DA:27,0
DA:28,0
DA:31,11
DA:32,11
DA:33,0
DA:35,11
DA:36,10
DA:37,10
DA:40,10
DA:41,0
DA:42,0
DA:44,10
DA:45,10
DA:48,1
LF:25
LH:19
BRDA:18,0,0,5
BRDA:25,1,0,0
BRDA:32,2,0,0
BRDA:36,3,0,10
BRDA:36,4,0,10
BRDA:36,4,1,10
BRDA:40,5,0,0
BRF:7
BRH:4
end_of_record
TN:
SF:src\middleware\budget.ts
FN:15,(anonymous_1)
FN:17,(anonymous_2)
FN:28,(anonymous_3)
FN:49,(anonymous_4)
FN:52,(anonymous_5)
FN:58,(anonymous_6)
FNF:6
FNH:6
FNDA:7,(anonymous_1)
FNDA:6,(anonymous_2)
FNDA:9,(anonymous_3)
FNDA:4,(anonymous_4)
FNDA:4,(anonymous_5)
FNDA:7,(anonymous_6)
DA:2,3
DA:3,3
DA:15,3
DA:17,7
DA:19,7
DA:20,7
DA:21,1
DA:22,1
DA:24,6
DA:28,3
DA:30,9
DA:31,9
DA:32,9
DA:34,8
DA:35,3
DA:36,3
DA:37,3
DA:39,5
DA:41,5
DA:44,1
DA:49,3
DA:51,4
DA:52,4
DA:54,4
DA:58,3
DA:59,7
DA:60,2
DA:61,2
DA:62,2
DA:64,5
LF:30
LH:30
BRDA:20,0,0,1
BRDA:34,1,0,3
BRDA:59,2,0,2
BRF:3
BRH:3
end_of_record
TN:
SF:src\middleware\expense.ts
FN:15,(anonymous_1)
FN:18,(anonymous_2)
FN:24,(anonymous_3)
FN:25,(anonymous_4)
FN:36,(anonymous_5)
FNF:5
FNH:1
FNDA:0,(anonymous_1)
FNDA:0,(anonymous_2)
FNDA:0,(anonymous_3)
FNDA:0,(anonymous_4)
FNDA:3,(anonymous_5)
DA:2,2
DA:3,2
DA:15,2
DA:17,0
DA:18,0
DA:20,0
DA:24,2
DA:25,0
DA:27,0
DA:28,0
DA:29,0
DA:30,0
DA:32,0
DA:36,2
DA:38,3
DA:39,3
DA:40,3
DA:42,2
DA:43,1
DA:44,1
DA:45,1
DA:47,1
DA:49,1
DA:52,1
LF:24
LH:15
BRDA:28,0,0,0
BRDA:42,1,0,1
BRF:2
BRH:1
end_of_record
TN:
SF:src\middleware\validation.ts
FN:5,(anonymous_0)
FNF:1
FNH:1
FNDA:26,(anonymous_0)
DA:2,1
DA:5,1
DA:6,26
DA:7,26
DA:8,8
DA:9,8
DA:11,18
LF:7
LH:7
BRDA:7,0,0,8
BRF:1
BRH:1
end_of_record
TN:
SF:src\models\Budget.ts
FN:24,(anonymous_3)
FN:30,(anonymous_4)
FN:33,(anonymous_5)
FNF:3
FNH:3
FNDA:3,(anonymous_3)
FNDA:2,(anonymous_4)
FNDA:3,(anonymous_5)
DA:1,3
DA:2,3
DA:3,3
DA:11,3
DA:16,3
DA:22,3
DA:24,3
DA:28,3
DA:30,2
DA:31,3
DA:33,3
DA:34,3
DA:38,3
LF:13
LH:13
BRF:0
BRH:0
end_of_record
TN:
SF:src\models\Expense.ts
FN:22,(anonymous_3)
FN:25,(anonymous_4)
FNF:2
FNH:2
FNDA:2,(anonymous_3)
FNDA:2,(anonymous_4)
DA:1,3
DA:2,3
DA:9,3
DA:14,3
DA:20,3
DA:22,2
DA:23,3
DA:25,2
DA:26,3
DA:29,3
LF:10
LH:10
BRF:0
BRH:0
end_of_record
TN:
SF:src\models\User.ts
FN:41,(anonymous_3)
FNF:1
FNH:1
FNDA:2,(anonymous_3)
DA:1,3
DA:2,3
DA:10,3
DA:15,3
DA:21,3
DA:28,3
DA:33,3
DA:39,3
DA:41,2
DA:45,3
DA:49,3
LF:11
LH:11
BRF:0
BRH:0
end_of_record
TN:
SF:src\routes\authRouter.ts
FNF:0
FNH:0
DA:1,1
DA:2,1
DA:3,1
DA:4,1
DA:5,1
DA:6,1
DA:9,1
DA:11,1
DA:14,1
DA:22,1
DA:28,1
DA:35,1
DA:41,1
DA:47,1
DA:54,1
DA:59,1
DA:67,1
DA:75,1
LF:18
LH:18
BRF:0
BRH:0
end_of_record
TN:
SF:src\routes\budgetRouter.ts
FNF:0
FNH:0
DA:1,1
DA:2,1
DA:3,1
DA:4,1
DA:5,1
DA:6,1
DA:7,1
DA:10,1
DA:13,1
DA:17,1
DA:18,1
DA:19,1
DA:21,1
DA:22,1
DA:26,1
DA:28,1
DA:34,1
DA:36,1
DA:42,1
DA:50,1
DA:56,1
DA:58,1
DA:64,1
DA:68,1
LF:24
LH:24
BRF:0
BRH:0
end_of_record
TN:
SF:src\tests\mocks\budgets.ts
FNF:0
FNH:0
DA:1,3
LF:1
LH:1
BRF:0
BRH:0
end_of_record
TN:
SF:src\tests\mocks\expenses.ts
FNF:0
FNH:0
DA:1,2
LF:1
LH:1
BRF:0
BRH:0
end_of_record
TN:
SF:src\utils\auth.ts
FN:4,(anonymous_1)
FN:10,(anonymous_2)
FNF:2
FNH:2
FNDA:1,(anonymous_1)
FNDA:5,(anonymous_2)
DA:1,2
DA:4,2
DA:5,1
DA:6,1
DA:10,2
DA:11,5
LF:6
LH:6
BRF:0
BRH:0
end_of_record
TN:
SF:src\utils\jwt.ts
FN:4,(anonymous_1)
FNF:1
FNH:1
FNDA:5,(anonymous_1)
DA:1,2
DA:4,2
DA:5,5
DA:6,0
DA:9,5
DA:12,5
LF:6
LH:5
BRDA:5,0,0,0
BRF:1
BRH:0
end_of_record
TN:
SF:src\utils\token.ts
FN:1,(anonymous_0)
FNF:1
FNH:1
FNDA:1,(anonymous_0)
DA:1,2
LF:1
LH:1
BRF:0
BRH:0
end_of_record
